SF:lib/presentation/data_controllers.dart
DA:7,1
DA:11,2
DA:13,2
DA:16,0
DA:17,0
DA:20,1
DA:21,2
DA:24,1
DA:25,1
DA:28,1
DA:29,1
DA:30,1
DA:33,1
DA:34,1
DA:35,1
DA:38,3
DA:40,0
DA:44,2
DA:48,1
DA:49,1
DA:51,3
DA:52,2
DA:53,2
DA:57,1
DA:58,1
DA:60,3
DA:61,2
DA:62,2
DA:68,2
DA:72,1
DA:73,1
DA:75,3
DA:76,2
DA:77,2
DA:81,1
DA:82,1
DA:84,3
DA:85,2
DA:86,0
DA:90,1
DA:91,1
DA:93,3
DA:94,2
DA:95,2
LF:44
LH:40
end_of_record
SF:lib/data/entry_payload.dart
DA:5,1
DA:17,0
DA:18,0
DA:19,0
DA:20,0
DA:21,0
DA:22,0
DA:26,0
DA:32,0
DA:33,0
DA:34,0
DA:35,0
DA:36,0
DA:40,0
DA:41,0
LF:15
LH:1
end_of_record
SF:lib/data/entry.dart
DA:4,0
DA:20,0
DA:21,0
DA:22,0
DA:23,0
DA:25,0
DA:26,0
DA:27,0
DA:28,0
DA:29,0
DA:30,0
DA:31,0
DA:33,1
DA:38,1
DA:39,1
DA:41,0
DA:48,0
DA:49,0
DA:50,0
DA:51,0
DA:52,0
DA:53,0
DA:54,0
DA:58,1
DA:60,1
DA:61,1
DA:62,1
DA:63,1
DA:64,1
DA:65,1
DA:66,1
DA:72,0
DA:86,0
DA:87,0
DA:88,0
DA:89,0
DA:90,0
DA:91,0
DA:93,0
DA:100,0
DA:101,0
DA:102,0
DA:103,0
DA:104,0
DA:105,0
DA:109,0
DA:111,0
DA:112,0
DA:113,0
DA:114,0
DA:115,0
DA:116,0
DA:122,0
DA:130,0
DA:132,0
DA:134,0
DA:138,0
DA:139,0
DA:140,0
DA:144,0
DA:145,0
DA:149,0
DA:157,0
DA:158,0
DA:159,0
DA:161,0
DA:165,0
DA:166,0
DA:167,0
DA:171,0
DA:172,0
DA:175,2
DA:181,0
DA:183,0
DA:185,0
LF:75
LH:12
end_of_record
SF:lib/data/repository_impl.dart
DA:9,0
DA:15,0
DA:18,0
DA:21,0
DA:24,0
DA:27,0
DA:30,0
DA:33,0
DA:36,0
DA:39,0
DA:42,0
LF:11
LH:0
end_of_record
SF:lib/data/dio_adapter.dart
DA:5,0
DA:9,0
DA:12,0
DA:14,0
DA:15,0
DA:17,0
DA:19,0
DA:24,0
DA:30,0
DA:32,0
DA:33,0
DA:35,0
DA:37,0
LF:13
LH:0
end_of_record
SF:lib/main.dart
DA:9,0
DA:10,0
DA:14,2
DA:17,1
DA:19,1
DA:20,1
DA:21,1
DA:22,1
DA:24,1
DA:26,1
DA:28,1
DA:29,1
DA:30,1
DA:35,1
DA:39,1
DA:46,0
DA:47,0
DA:48,0
LF:18
LH:13
end_of_record
SF:lib/data/auth_helper.dart
DA:9,1
DA:10,1
DA:13,1
DA:20,2
DA:25,0
DA:30,0
LF:6
LH:4
end_of_record
SF:lib/presentation/home_screen.dart
DA:10,1
DA:12,0
DA:13,0
DA:17,0
DA:19,0
DA:21,0
DA:22,0
DA:23,0
DA:24,0
DA:27,0
DA:29,0
DA:30,0
DA:33,0
DA:34,0
DA:35,0
DA:39,0
DA:42,0
DA:44,0
DA:61,0
DA:62,0
DA:63,0
DA:64,0
DA:71,0
DA:72,0
DA:74,0
DA:91,1
DA:93,0
DA:95,0
DA:97,0
DA:99,0
DA:101,0
DA:102,0
DA:104,0
DA:105,0
DA:107,0
LF:35
LH:2
end_of_record
SF:lib/presentation/repository_provider.dart
DA:5,0
DA:9,0
DA:13,0
DA:14,0
DA:15,0
DA:16,0
DA:19,0
LF:7
LH:0
end_of_record
SF:lib/presentation/theme/colors.dart
DA:4,0
DA:8,3
LF:2
LH:1
end_of_record
SF:lib/presentation/widgets/entry_tile.dart
DA:4,0
DA:6,0
DA:10,0
DA:12,0
DA:13,0
DA:15,0
DA:18,0
DA:20,0
DA:40,0
DA:42,0
DA:43,0
DA:45,0
DA:46,0
DA:47,0
DA:49,0
DA:64,0
DA:65,0
DA:67,0
LF:18
LH:0
end_of_record
SF:lib/presentation/widgets/widget_cards.dart
DA:6,1
DA:8,0
DA:10,0
DA:11,0
DA:13,0
DA:16,0
DA:19,0
DA:21,0
DA:24,0
DA:25,0
DA:27,0
DA:33,0
DA:34,0
DA:35,0
DA:36,0
DA:39,0
DA:65,1
DA:67,0
DA:74,0
DA:76,0
DA:77,0
DA:79,0
DA:82,0
DA:83,0
DA:84,0
DA:86,0
DA:87,0
DA:89,0
DA:90,0
DA:93,0
DA:97,0
DA:100,0
DA:116,1
DA:118,0
DA:126,0
DA:128,0
DA:129,0
DA:132,0
DA:135,0
DA:136,0
DA:137,0
DA:138,0
DA:139,0
DA:140,0
DA:142,0
DA:143,0
DA:145,0
DA:146,0
DA:148,0
DA:149,0
DA:150,0
DA:156,0
DA:157,0
DA:159,0
DA:160,0
DA:161,0
DA:169,0
DA:172,0
DA:173,0
DA:174,0
DA:177,0
DA:178,0
DA:179,0
DA:180,0
DA:182,0
DA:184,0
DA:185,0
DA:186,0
DA:200,0
DA:207,0
DA:209,0
DA:211,0
DA:214,0
DA:215,0
DA:217,0
DA:219,0
DA:220,0
LF:77
LH:3
end_of_record
SF:lib/presentation/widgets/entry_bottom_sheet.dart
DA:6,1
DA:8,0
DA:9,0
DA:18,0
DA:20,0
DA:21,0
DA:23,0
DA:25,0
DA:30,0
DA:32,0
DA:33,0
DA:34,0
DA:35,0
DA:42,0
DA:43,0
DA:45,0
DA:46,0
DA:47,0
DA:49,0
DA:52,0
DA:53,0
DA:54,0
DA:56,0
DA:58,0
DA:59,0
DA:69,0
DA:71,0
DA:72,0
DA:74,0
DA:75,0
DA:79,0
DA:80,0
DA:81,0
DA:84,0
DA:85,0
DA:87,0
DA:88,0
DA:91,0
DA:94,0
DA:95,0
DA:97,0
DA:105,0
DA:106,0
DA:107,0
DA:108,0
DA:109,0
DA:110,0
DA:111,0
DA:114,0
DA:123,0
DA:124,0
DA:127,0
DA:128,0
DA:129,0
DA:130,0
DA:135,0
DA:137,0
DA:138,0
DA:144,0
DA:146,0
DA:148,0
DA:151,0
DA:157,0
DA:158,0
DA:164,0
DA:165,0
DA:166,0
DA:168,0
DA:176,0
DA:177,0
DA:179,0
DA:184,0
DA:188,0
DA:193,0
DA:195,0
DA:197,0
DA:198,0
DA:199,0
DA:200,0
DA:201,0
DA:202,0
DA:203,0
DA:204,0
DA:205,0
DA:206,0
DA:208,0
DA:210,0
DA:223,0
DA:242,0
DA:244,0
DA:246,0
DA:247,0
DA:248,0
DA:249,0
DA:250,0
DA:251,0
DA:252,0
DA:253,0
DA:254,0
DA:255,0
DA:256,0
LF:101
LH:1
end_of_record
